<?xml version="1.0" encoding="UTF-8"?>
<!-- Generated by org.testng.reporters.JUnitReportReporter -->
<testsuite hostname="Dell-PC" name="DataProviderpack.SmokeTest" tests="4" failures="0" timestamp="7 Aug 2020 16:42:32 GMT" time="0.082" errors="0">
  <testcase name="verifyLoginWithDifferentCredential" time="0.002" classname="DataProviderpack.SmokeTest"/>
  <testcase name="verifyLoginWithDifferentCredential" time="0.077" classname="DataProviderpack.SmokeTest"/>
  <testcase name="verifyLoginWithDifferentCredential" time="0.001" classname="DataProviderpack.SmokeTest"/>
  <testcase name="verifyLoginWithDifferentCredential" time="0.002" classname="DataProviderpack.SmokeTest"/>
</testsuite> <!-- DataProviderpack.SmokeTest -->
