<?xml version="1.0" encoding="UTF-8"?>
<!-- Generated by org.testng.reporters.JUnitReportReporter -->
<testsuite hostname="Dell-PC" name="AnnotationsDemo" tests="3" failures="0" timestamp="26 Aug 2020 06:07:53 GMT" time="0.024" errors="0">
  <testcase name="m3" time="0.002" classname="AnnotationsDemo"/>
  <testcase name="m1" time="0.020" classname="AnnotationsDemo"/>
  <testcase name="m2" time="0.002" classname="AnnotationsDemo"/>
</testsuite> <!-- AnnotationsDemo -->
