<?xml version="1.0" encoding="UTF-8"?>
<!-- Generated by org.testng.reporters.JUnitReportReporter -->
<testsuite hostname="Dell-PC" name="TestNGTestCaseAirtel.Test1" tests="1" failures="0" timestamp="18 Aug 2020 11:05:45 GMT" time="11.252" errors="0">
  <testcase name="homePage" time="11.252" classname="TestNGTestCaseAirtel.Test1"/>
</testsuite> <!-- TestNGTestCaseAirtel.Test1 -->
