<?xml version="1.0" encoding="UTF-8"?>
<!-- Generated by org.testng.reporters.JUnitReportReporter -->
<testsuite hostname="Dell-PC" name="Test1.SmokeTest" tests="7" failures="0" timestamp="11 Aug 2020 16:55:54 GMT" time="0.016" errors="0">
  <testcase name="m1" time="0.008" classname="Test1.SmokeTest"/>
  <testcase name="m2" time="0.001" classname="Test1.SmokeTest"/>
  <testcase name="m1" time="0.001" classname="Test1.SmokeTest"/>
  <testcase name="m3" time="0.002" classname="Test1.SmokeTest"/>
  <testcase name="m1" time="0.001" classname="Test1.SmokeTest"/>
  <testcase name="m4" time="0.002" classname="Test1.SmokeTest"/>
  <testcase name="m1" time="0.001" classname="Test1.SmokeTest"/>
</testsuite> <!-- Test1.SmokeTest -->
