<?xml version="1.0" encoding="UTF-8"?>
<!-- Generated by org.testng.reporters.JUnitReportReporter -->
<testsuite hostname="Dell-PC" name="Test1.SanityTest" tests="13" failures="0" timestamp="26 Aug 2020 06:12:06 GMT" time="0.037" errors="0">
  <testcase name="m4" time="0.001" classname="Test1.SanityTest"/>
  <testcase name="m4" time="0.001" classname="Test1.SanityTest"/>
  <testcase name="m4" time="0.001" classname="Test1.SanityTest"/>
  <testcase name="m4" time="0.002" classname="Test1.SanityTest"/>
  <testcase name="m4" time="0.002" classname="Test1.SanityTest"/>
  <testcase name="m3" time="0.003" classname="Test1.SanityTest"/>
  <testcase name="m4" time="0.001" classname="Test1.SanityTest"/>
  <testcase name="m2" time="0.002" classname="Test1.SanityTest"/>
  <testcase name="m4" time="0.002" classname="Test1.SanityTest"/>
  <testcase name="m4" time="0.001" classname="Test1.SanityTest"/>
  <testcase name="m1" time="0.010" classname="Test1.SanityTest"/>
  <testcase name="m4" time="0.002" classname="Test1.SanityTest"/>
  <testcase name="m4" time="0.009" classname="Test1.SanityTest"/>
</testsuite> <!-- Test1.SanityTest -->
