<?xml version="1.0" encoding="UTF-8"?>
<!-- Generated by org.testng.reporters.JUnitReportReporter -->
<testsuite hostname="Dell-PC" name="log4jTestcase.smoke" tests="3" failures="0" timestamp="20 Aug 2020 18:11:35 GMT" time="0.025" errors="0">
  <testcase name="m3" time="0.002" classname="log4jTestcase.smoke"/>
  <testcase name="m1" time="0.021" classname="log4jTestcase.smoke"/>
  <testcase name="m2" time="0.002" classname="log4jTestcase.smoke"/>
</testsuite> <!-- log4jTestcase.smoke -->
